[debug] [2021-02-26T11:47:08.642Z] ----------------------------------------------------------------------
[debug] [2021-02-26T11:47:08.646Z] Command:       E:\Program Files\nodejs\node.exe C:\Users\EGO\AppData\Roaming\npm\node_modules\firebase-tools\lib\bin\firebase.js emulators:start
[debug] [2021-02-26T11:47:08.646Z] CLI Version:   9.3.0
[debug] [2021-02-26T11:47:08.646Z] Platform:      win32
[debug] [2021-02-26T11:47:08.647Z] Node Version:  v15.9.0
[debug] [2021-02-26T11:47:08.649Z] Time:          Fri Feb 26 2021 03:47:08 GMT-0800 (Pacific Standard Time)
[debug] [2021-02-26T11:47:08.649Z] ----------------------------------------------------------------------
[debug] [2021-02-26T11:47:08.649Z] 
[debug] [2021-02-26T11:47:08.670Z] > command requires scopes: ["email","openid","https://www.googleapis.com/auth/cloudplatformprojects.readonly","https://www.googleapis.com/auth/firebase","https://www.googleapis.com/auth/cloud-platform"]
[debug] [2021-02-26T11:47:08.672Z] > authorizing via signed-in user
[info] i  emulators: Starting emulators: functions, hosting {"metadata":{"emulator":{"name":"hub"},"message":"Starting emulators: functions, hosting"}}
[debug] [2021-02-26T11:47:08.720Z] [hub] writing locator at C:\Users\EGO\AppData\Local\Temp\hub-ego-53f33.json
[warn] !  functions: The following emulators are not running, calls to these services from the Functions emulator will affect production: auth, firestore, database, pubsub {"metadata":{"emulator":{"name":"functions"},"message":"The following emulators are not running, calls to these services from the Functions emulator will affect production: \u001b[1mauth, firestore, database, pubsub\u001b[22m"}}
[warn] !  Your requested "node" version "10" doesn't match your global version "15" {"metadata":{"emulator":{"name":"functions"},"message":"Your requested \"node\" version \"10\" doesn't match your global version \"15\""}}
[debug] [2021-02-26T11:47:08.809Z] defaultcredentials: writing to file C:\Users\EGO\AppData\Roaming\firebase\royaledit058_gmail_com_application_default_credentials.json
[debug] [2021-02-26T11:47:08.818Z] Setting GAC to C:\Users\EGO\AppData\Roaming\firebase\royaledit058_gmail_com_application_default_credentials.json {"metadata":{"emulator":{"name":"functions"},"message":"Setting GAC to C:\\Users\\EGO\\AppData\\Roaming\\firebase\\royaledit058_gmail_com_application_default_credentials.json"}}
[debug] [2021-02-26T11:47:08.824Z] > refreshing access token with scopes: []
[debug] [2021-02-26T11:47:08.826Z] >>> HTTP REQUEST POST https://www.googleapis.com/oauth2/v3/token  
 <request body omitted>
[debug] [2021-02-26T11:47:09.463Z] <<< HTTP RESPONSE 200 {"pragma":"no-cache","date":"Fri, 26 Feb 2021 02:52:08 GMT","cache-control":"no-cache, no-store, max-age=0, must-revalidate","expires":"Mon, 01 Jan 1990 00:00:00 GMT","content-type":"application/json; charset=utf-8","vary":"X-Origin, Referer, Origin,Accept-Encoding","server":"scaffolding on HTTPServer2","x-xss-protection":"0","x-frame-options":"SAMEORIGIN","x-content-type-options":"nosniff","alt-svc":"h3-29=\":443\"; ma=2592000,h3-T051=\":443\"; ma=2592000,h3-Q050=\":443\"; ma=2592000,h3-Q046=\":443\"; ma=2592000,h3-Q043=\":443\"; ma=2592000,quic=\":443\"; ma=2592000; v=\"46,43\"","accept-ranges":"none","transfer-encoding":"chunked"}
[debug] [2021-02-26T11:47:09.728Z] >>> [apiv2][query] GET https://firebase.googleapis.com/v1beta1/projects/ego-53f33/adminSdkConfig [none]
[debug] [2021-02-26T11:47:10.613Z] <<< [apiv2][status] GET https://firebase.googleapis.com/v1beta1/projects/ego-53f33/adminSdkConfig 200
[debug] [2021-02-26T11:47:10.614Z] <<< [apiv2][body] GET https://firebase.googleapis.com/v1beta1/projects/ego-53f33/adminSdkConfig {"projectId":"ego-53f33","storageBucket":"ego-53f33.appspot.com","locationId":"us-central"}
[debug] [2021-02-26T11:47:10.697Z] >>> [apiv2][query] GET https://firebase.googleapis.com/v1beta1/projects/ego-53f33/webApps/-/config [none]
[debug] [2021-02-26T11:47:11.888Z] <<< [apiv2][status] GET https://firebase.googleapis.com/v1beta1/projects/ego-53f33/webApps/-/config 200
[debug] [2021-02-26T11:47:11.888Z] <<< [apiv2][body] GET https://firebase.googleapis.com/v1beta1/projects/ego-53f33/webApps/-/config {"projectId":"ego-53f33","appId":"1:823330065259:web:7f24c822fdc129c5c89a2e","storageBucket":"ego-53f33.appspot.com","locationId":"us-central","apiKey":"AIzaSyCJ45-9snwTxCDk-CTFjpbaLQ8rKJs0b-g","authDomain":"ego-53f33.firebaseapp.com","messagingSenderId":"823330065259"}
[info] i  hosting: Serving hosting files from: build {"metadata":{"emulator":{"name":"hosting"},"message":"Serving hosting files from: \u001b[1mbuild\u001b[22m"}}
[info] +  hosting: Local server: http://localhost:5000 {"metadata":{"emulator":{"name":"hosting"},"message":"Local server: \u001b[4m\u001b[1mhttp://localhost:5000\u001b[22m\u001b[24m"}}
[debug] [2021-02-26T11:47:12.892Z] Ignoring unsupported arg: auto_download {"metadata":{"emulator":{"name":"ui"},"message":"Ignoring unsupported arg: auto_download"}}
[debug] [2021-02-26T11:47:12.892Z] Ignoring unsupported arg: port {"metadata":{"emulator":{"name":"ui"},"message":"Ignoring unsupported arg: port"}}
[debug] [2021-02-26T11:47:12.892Z] Starting Emulator UI with command {"binary":"node","args":["C:\\Users\\EGO\\.cache\\firebase\\emulators\\ui-v1.4.1\\server.bundle.js"],"optionalArgs":[],"joinArgs":false} {"metadata":{"emulator":{"name":"ui"},"message":"Starting Emulator UI with command {\"binary\":\"node\",\"args\":[\"C:\\\\Users\\\\EGO\\\\.cache\\\\firebase\\\\emulators\\\\ui-v1.4.1\\\\server.bundle.js\"],\"optionalArgs\":[],\"joinArgs\":false}"}}
[info] i  ui: Emulator UI logging to ui-debug.log {"metadata":{"emulator":{"name":"ui"},"message":"Emulator UI logging to \u001b[1mui-debug.log\u001b[22m"}}
[debug] [2021-02-26T11:47:13.361Z] Web / API server started at http://localhost:4000
 {"metadata":{"emulator":{"name":"ui"},"message":"Web / API server started at http://localhost:4000\n"}}
[info] i  functions: Watching "H:\withego-amazon\ego-amazon\functions" for Cloud Functions... {"metadata":{"emulator":{"name":"functions"},"message":"Watching \"H:\\withego-amazon\\ego-amazon\\functions\" for Cloud Functions..."}}
[debug] [2021-02-26T11:47:13.447Z] [worker-pool] addWorker(~diagnostic~) {"metadata":{"emulator":{"name":"functions"},"message":"[worker-pool] addWorker(~diagnostic~)"}}
[debug] [2021-02-26T11:47:13.454Z] [worker-pool] Adding worker with key ~diagnostic~, total=1 {"metadata":{"emulator":{"name":"functions"},"message":"[worker-pool] Adding worker with key ~diagnostic~, total=1"}}
[debug] [2021-02-26T11:47:13.455Z] [worker-pool] submitWork(triggerId=) {"metadata":{"emulator":{"name":"functions"},"message":"[worker-pool] submitWork(triggerId=)"}}
[debug] [2021-02-26T11:47:13.457Z] [worker-~diagnostic~-3d86459e-6441-423e-9664-2367f7d08719]: Assigning socketPath: \\?\pipe\H:\withego-amazon\ego-amazon\functions\19260 {"metadata":{"emulator":{"name":"functions"},"message":"[worker-~diagnostic~-3d86459e-6441-423e-9664-2367f7d08719]: Assigning socketPath: \\\\?\\pipe\\H:\\withego-amazon\\ego-amazon\\functions\\19260"}}
[debug] [2021-02-26T11:47:13.459Z] [worker-~diagnostic~-3d86459e-6441-423e-9664-2367f7d08719]: BUSY {"metadata":{"emulator":{"name":"functions"},"message":"[worker-~diagnostic~-3d86459e-6441-423e-9664-2367f7d08719]: BUSY"}}
[debug] [2021-02-26T11:47:14.005Z] [runtime-status] [19260] Functions runtime initialized. {"cwd":"H:\\withego-amazon\\ego-amazon\\functions","node_version":"15.9.0"} {"metadata":{"emulator":{"name":"functions"},"message":"[runtime-status] [19260] Functions runtime initialized. {\"cwd\":\"H:\\\\withego-amazon\\\\ego-amazon\\\\functions\",\"node_version\":\"15.9.0\"}"}}
[debug] [2021-02-26T11:47:14.007Z] [runtime-status] [19260] Disabled runtime features: undefined {"metadata":{"emulator":{"name":"functions"},"message":"[runtime-status] [19260] Disabled runtime features: undefined"}}
[debug] [2021-02-26T11:47:14.013Z] [runtime-status] [19260] Resolved module firebase-admin {"declared":true,"installed":true,"version":"9.5.0","resolution":"H:\\withego-amazon\\ego-amazon\\functions\\node_modules\\firebase-admin\\lib\\index.js"} {"metadata":{"emulator":{"name":"functions"},"message":"[runtime-status] [19260] Resolved module firebase-admin {\"declared\":true,\"installed\":true,\"version\":\"9.5.0\",\"resolution\":\"H:\\\\withego-amazon\\\\ego-amazon\\\\functions\\\\node_modules\\\\firebase-admin\\\\lib\\\\index.js\"}"}}
[debug] [2021-02-26T11:47:14.030Z] [runtime-status] [19260] Resolved module firebase-functions {"declared":true,"installed":true,"version":"3.13.2","resolution":"H:\\withego-amazon\\ego-amazon\\functions\\node_modules\\firebase-functions\\lib\\index.js"} {"metadata":{"emulator":{"name":"functions"},"message":"[runtime-status] [19260] Resolved module firebase-functions {\"declared\":true,\"installed\":true,\"version\":\"3.13.2\",\"resolution\":\"H:\\\\withego-amazon\\\\ego-amazon\\\\functions\\\\node_modules\\\\firebase-functions\\\\lib\\\\index.js\"}"}}
[debug] [2021-02-26T11:47:14.034Z] [runtime-status] [19260] Resolved module firebase-functions {"declared":true,"installed":true,"version":"3.13.2","resolution":"H:\\withego-amazon\\ego-amazon\\functions\\node_modules\\firebase-functions\\lib\\index.js"} {"metadata":{"emulator":{"name":"functions"},"message":"[runtime-status] [19260] Resolved module firebase-functions {\"declared\":true,\"installed\":true,\"version\":\"3.13.2\",\"resolution\":\"H:\\\\withego-amazon\\\\ego-amazon\\\\functions\\\\node_modules\\\\firebase-functions\\\\lib\\\\index.js\"}"}}
[debug] [2021-02-26T11:47:14.037Z] [runtime-status] [19260] Outgoing network have been stubbed. [{"name":"http","status":"mocked"},{"name":"http","status":"mocked"},{"name":"https","status":"mocked"},{"name":"https","status":"mocked"},{"name":"net","status":"mocked"}] {"metadata":{"emulator":{"name":"functions"},"message":"[runtime-status] [19260] Outgoing network have been stubbed. [{\"name\":\"http\",\"status\":\"mocked\"},{\"name\":\"http\",\"status\":\"mocked\"},{\"name\":\"https\",\"status\":\"mocked\"},{\"name\":\"https\",\"status\":\"mocked\"},{\"name\":\"net\",\"status\":\"mocked\"}]"}}
[debug] [2021-02-26T11:47:14.038Z] [runtime-status] [19260] Resolved module firebase-functions {"declared":true,"installed":true,"version":"3.13.2","resolution":"H:\\withego-amazon\\ego-amazon\\functions\\node_modules\\firebase-functions\\lib\\index.js"} {"metadata":{"emulator":{"name":"functions"},"message":"[runtime-status] [19260] Resolved module firebase-functions {\"declared\":true,\"installed\":true,\"version\":\"3.13.2\",\"resolution\":\"H:\\\\withego-amazon\\\\ego-amazon\\\\functions\\\\node_modules\\\\firebase-functions\\\\lib\\\\index.js\"}"}}
[debug] [2021-02-26T11:47:14.391Z] [runtime-status] [19260] Checked functions.config() {"config":{}} {"metadata":{"emulator":{"name":"functions"},"message":"[runtime-status] [19260] Checked functions.config() {\"config\":{}}"}}
[debug] [2021-02-26T11:47:14.392Z] [runtime-status] [19260] firebase-functions has been stubbed. {"functionsResolution":{"declared":true,"installed":true,"version":"3.13.2","resolution":"H:\\withego-amazon\\ego-amazon\\functions\\node_modules\\firebase-functions\\lib\\index.js"}} {"metadata":{"emulator":{"name":"functions"},"message":"[runtime-status] [19260] firebase-functions has been stubbed. {\"functionsResolution\":{\"declared\":true,\"installed\":true,\"version\":\"3.13.2\",\"resolution\":\"H:\\\\withego-amazon\\\\ego-amazon\\\\functions\\\\node_modules\\\\firebase-functions\\\\lib\\\\index.js\"}}"}}
[debug] [2021-02-26T11:47:14.393Z] [runtime-status] [19260] Resolved module firebase-functions {"declared":true,"installed":true,"version":"3.13.2","resolution":"H:\\withego-amazon\\ego-amazon\\functions\\node_modules\\firebase-functions\\lib\\index.js"} {"metadata":{"emulator":{"name":"functions"},"message":"[runtime-status] [19260] Resolved module firebase-functions {\"declared\":true,\"installed\":true,\"version\":\"3.13.2\",\"resolution\":\"H:\\\\withego-amazon\\\\ego-amazon\\\\functions\\\\node_modules\\\\firebase-functions\\\\lib\\\\index.js\"}"}}
[debug] [2021-02-26T11:47:14.394Z] [runtime-status] [19260] Resolved module firebase-admin {"declared":true,"installed":true,"version":"9.5.0","resolution":"H:\\withego-amazon\\ego-amazon\\functions\\node_modules\\firebase-admin\\lib\\index.js"} {"metadata":{"emulator":{"name":"functions"},"message":"[runtime-status] [19260] Resolved module firebase-admin {\"declared\":true,\"installed\":true,\"version\":\"9.5.0\",\"resolution\":\"H:\\\\withego-amazon\\\\ego-amazon\\\\functions\\\\node_modules\\\\firebase-admin\\\\lib\\\\index.js\"}"}}
[debug] [2021-02-26T11:47:14.395Z] [runtime-status] [19260] Resolved module firebase-functions {"declared":true,"installed":true,"version":"3.13.2","resolution":"H:\\withego-amazon\\ego-amazon\\functions\\node_modules\\firebase-functions\\lib\\index.js"} {"metadata":{"emulator":{"name":"functions"},"message":"[runtime-status] [19260] Resolved module firebase-functions {\"declared\":true,\"installed\":true,\"version\":\"3.13.2\",\"resolution\":\"H:\\\\withego-amazon\\\\ego-amazon\\\\functions\\\\node_modules\\\\firebase-functions\\\\lib\\\\index.js\"}"}}
[debug] [2021-02-26T11:47:14.396Z] [runtime-status] [19260] firebase-admin has been stubbed. {"adminResolution":{"declared":true,"installed":true,"version":"9.5.0","resolution":"H:\\withego-amazon\\ego-amazon\\functions\\node_modules\\firebase-admin\\lib\\index.js"}} {"metadata":{"emulator":{"name":"functions"},"message":"[runtime-status] [19260] firebase-admin has been stubbed. {\"adminResolution\":{\"declared\":true,\"installed\":true,\"version\":\"9.5.0\",\"resolution\":\"H:\\\\withego-amazon\\\\ego-amazon\\\\functions\\\\node_modules\\\\firebase-admin\\\\lib\\\\index.js\"}}"}}
[info] +  functions[api]: http function initialized (http://localhost:5001/ego-53f33/us-central1/api). {"metadata":{"emulator":{"name":"functions"},"message":"\u001b[1mhttp\u001b[22m function initialized (http://localhost:5001/ego-53f33/us-central1/api)."}}
[info] 
┌─────────────────────────────────────────────────────────────┐
│ ✔  All emulators ready! It is now safe to connect your app. │
│ i  View Emulator UI at http://localhost:4000                │
└─────────────────────────────────────────────────────────────┘

┌───────────┬────────────────┬─────────────────────────────────┐
│ Emulator  │ Host:Port      │ View in Emulator UI             │
├───────────┼────────────────┼─────────────────────────────────┤
│ Functions │ localhost:5001 │ http://localhost:4000/functions │
├───────────┼────────────────┼─────────────────────────────────┤
│ Hosting   │ localhost:5000 │ n/a                             │
└───────────┴────────────────┴─────────────────────────────────┘
  Emulator Hub running at localhost:4400
  Other reserved ports: 4500

Issues? Report them at https://github.com/firebase/firebase-tools/issues and attach the *-debug.log files.
 
[debug] [2021-02-26T11:47:15.112Z] [worker-~diagnostic~-3d86459e-6441-423e-9664-2367f7d08719]: IDLE {"metadata":{"emulator":{"name":"functions"},"message":"[worker-~diagnostic~-3d86459e-6441-423e-9664-2367f7d08719]: IDLE"}}
[debug] [2021-02-26T11:49:16.552Z] [work-queue] {"queueLength":1,"workRunningCount":0}
[debug] [2021-02-26T11:49:16.553Z] [work-queue] {"queueLength":0,"workRunningCount":1}
[debug] [2021-02-26T11:49:16.553Z] Accepted request GET /ego-53f33/us-central1/api --> api
[debug] [2021-02-26T11:49:17.292Z] [worker-pool] addWorker(api) {"metadata":{"emulator":{"name":"functions"},"message":"[worker-pool] addWorker(api)"}}
[debug] [2021-02-26T11:49:17.292Z] [worker-pool] Adding worker with key api, total=1 {"metadata":{"emulator":{"name":"functions"},"message":"[worker-pool] Adding worker with key api, total=1"}}
[debug] [2021-02-26T11:49:17.293Z] [worker-pool] submitWork(triggerId=api) {"metadata":{"emulator":{"name":"functions"},"message":"[worker-pool] submitWork(triggerId=api)"}}
[debug] [2021-02-26T11:49:17.293Z] [worker-api-93f1a73d-91cf-43b6-9cc7-01b4f3b0b18a]: Assigning socketPath: \\?\pipe\H:\withego-amazon\ego-amazon\functions\21048 {"metadata":{"emulator":{"name":"functions"},"message":"[worker-api-93f1a73d-91cf-43b6-9cc7-01b4f3b0b18a]: Assigning socketPath: \\\\?\\pipe\\H:\\withego-amazon\\ego-amazon\\functions\\21048"}}
[debug] [2021-02-26T11:49:17.293Z] [worker-api-93f1a73d-91cf-43b6-9cc7-01b4f3b0b18a]: BUSY {"metadata":{"emulator":{"name":"functions"},"message":"[worker-api-93f1a73d-91cf-43b6-9cc7-01b4f3b0b18a]: BUSY"}}
[debug] [2021-02-26T11:49:17.773Z] [runtime-status] [21048] Functions runtime initialized. {"cwd":"H:\\withego-amazon\\ego-amazon\\functions","node_version":"15.9.0"} {"metadata":{"emulator":{"name":"functions"},"function":{"name":"api"},"message":"[runtime-status] [21048] Functions runtime initialized. {\"cwd\":\"H:\\\\withego-amazon\\\\ego-amazon\\\\functions\",\"node_version\":\"15.9.0\"}"}}
[debug] [2021-02-26T11:49:17.776Z] [runtime-status] [21048] Disabled runtime features: undefined {"metadata":{"emulator":{"name":"functions"},"function":{"name":"api"},"message":"[runtime-status] [21048] Disabled runtime features: undefined"}}
[debug] [2021-02-26T11:49:17.782Z] [runtime-status] [21048] Resolved module firebase-admin {"declared":true,"installed":true,"version":"9.5.0","resolution":"H:\\withego-amazon\\ego-amazon\\functions\\node_modules\\firebase-admin\\lib\\index.js"} {"metadata":{"emulator":{"name":"functions"},"function":{"name":"api"},"message":"[runtime-status] [21048] Resolved module firebase-admin {\"declared\":true,\"installed\":true,\"version\":\"9.5.0\",\"resolution\":\"H:\\\\withego-amazon\\\\ego-amazon\\\\functions\\\\node_modules\\\\firebase-admin\\\\lib\\\\index.js\"}"}}
[debug] [2021-02-26T11:49:17.786Z] [runtime-status] [21048] Resolved module firebase-functions {"declared":true,"installed":true,"version":"3.13.2","resolution":"H:\\withego-amazon\\ego-amazon\\functions\\node_modules\\firebase-functions\\lib\\index.js"} {"metadata":{"emulator":{"name":"functions"},"function":{"name":"api"},"message":"[runtime-status] [21048] Resolved module firebase-functions {\"declared\":true,\"installed\":true,\"version\":\"3.13.2\",\"resolution\":\"H:\\\\withego-amazon\\\\ego-amazon\\\\functions\\\\node_modules\\\\firebase-functions\\\\lib\\\\index.js\"}"}}
[debug] [2021-02-26T11:49:17.790Z] [runtime-status] [21048] Resolved module firebase-functions {"declared":true,"installed":true,"version":"3.13.2","resolution":"H:\\withego-amazon\\ego-amazon\\functions\\node_modules\\firebase-functions\\lib\\index.js"} {"metadata":{"emulator":{"name":"functions"},"function":{"name":"api"},"message":"[runtime-status] [21048] Resolved module firebase-functions {\"declared\":true,\"installed\":true,\"version\":\"3.13.2\",\"resolution\":\"H:\\\\withego-amazon\\\\ego-amazon\\\\functions\\\\node_modules\\\\firebase-functions\\\\lib\\\\index.js\"}"}}
[debug] [2021-02-26T11:49:17.793Z] [runtime-status] [21048] Outgoing network have been stubbed. [{"name":"http","status":"mocked"},{"name":"http","status":"mocked"},{"name":"https","status":"mocked"},{"name":"https","status":"mocked"},{"name":"net","status":"mocked"}] {"metadata":{"emulator":{"name":"functions"},"function":{"name":"api"},"message":"[runtime-status] [21048] Outgoing network have been stubbed. [{\"name\":\"http\",\"status\":\"mocked\"},{\"name\":\"http\",\"status\":\"mocked\"},{\"name\":\"https\",\"status\":\"mocked\"},{\"name\":\"https\",\"status\":\"mocked\"},{\"name\":\"net\",\"status\":\"mocked\"}]"}}
[debug] [2021-02-26T11:49:17.794Z] [runtime-status] [21048] Resolved module firebase-functions {"declared":true,"installed":true,"version":"3.13.2","resolution":"H:\\withego-amazon\\ego-amazon\\functions\\node_modules\\firebase-functions\\lib\\index.js"} {"metadata":{"emulator":{"name":"functions"},"function":{"name":"api"},"message":"[runtime-status] [21048] Resolved module firebase-functions {\"declared\":true,\"installed\":true,\"version\":\"3.13.2\",\"resolution\":\"H:\\\\withego-amazon\\\\ego-amazon\\\\functions\\\\node_modules\\\\firebase-functions\\\\lib\\\\index.js\"}"}}
[debug] [2021-02-26T11:49:17.899Z] [runtime-status] [21048] Checked functions.config() {"config":{}} {"metadata":{"emulator":{"name":"functions"},"function":{"name":"api"},"message":"[runtime-status] [21048] Checked functions.config() {\"config\":{}}"}}
[debug] [2021-02-26T11:49:17.900Z] [runtime-status] [21048] firebase-functions has been stubbed. {"functionsResolution":{"declared":true,"installed":true,"version":"3.13.2","resolution":"H:\\withego-amazon\\ego-amazon\\functions\\node_modules\\firebase-functions\\lib\\index.js"}} {"metadata":{"emulator":{"name":"functions"},"function":{"name":"api"},"message":"[runtime-status] [21048] firebase-functions has been stubbed. {\"functionsResolution\":{\"declared\":true,\"installed\":true,\"version\":\"3.13.2\",\"resolution\":\"H:\\\\withego-amazon\\\\ego-amazon\\\\functions\\\\node_modules\\\\firebase-functions\\\\lib\\\\index.js\"}}"}}
[debug] [2021-02-26T11:49:17.900Z] [runtime-status] [21048] Resolved module firebase-functions {"declared":true,"installed":true,"version":"3.13.2","resolution":"H:\\withego-amazon\\ego-amazon\\functions\\node_modules\\firebase-functions\\lib\\index.js"} {"metadata":{"emulator":{"name":"functions"},"function":{"name":"api"},"message":"[runtime-status] [21048] Resolved module firebase-functions {\"declared\":true,\"installed\":true,\"version\":\"3.13.2\",\"resolution\":\"H:\\\\withego-amazon\\\\ego-amazon\\\\functions\\\\node_modules\\\\firebase-functions\\\\lib\\\\index.js\"}"}}
[debug] [2021-02-26T11:49:17.903Z] [runtime-status] [21048] Resolved module firebase-admin {"declared":true,"installed":true,"version":"9.5.0","resolution":"H:\\withego-amazon\\ego-amazon\\functions\\node_modules\\firebase-admin\\lib\\index.js"} {"metadata":{"emulator":{"name":"functions"},"function":{"name":"api"},"message":"[runtime-status] [21048] Resolved module firebase-admin {\"declared\":true,\"installed\":true,\"version\":\"9.5.0\",\"resolution\":\"H:\\\\withego-amazon\\\\ego-amazon\\\\functions\\\\node_modules\\\\firebase-admin\\\\lib\\\\index.js\"}"}}
[debug] [2021-02-26T11:49:17.904Z] [runtime-status] [21048] Resolved module firebase-functions {"declared":true,"installed":true,"version":"3.13.2","resolution":"H:\\withego-amazon\\ego-amazon\\functions\\node_modules\\firebase-functions\\lib\\index.js"} {"metadata":{"emulator":{"name":"functions"},"function":{"name":"api"},"message":"[runtime-status] [21048] Resolved module firebase-functions {\"declared\":true,\"installed\":true,\"version\":\"3.13.2\",\"resolution\":\"H:\\\\withego-amazon\\\\ego-amazon\\\\functions\\\\node_modules\\\\firebase-functions\\\\lib\\\\index.js\"}"}}
[debug] [2021-02-26T11:49:17.905Z] [runtime-status] [21048] firebase-admin has been stubbed. {"adminResolution":{"declared":true,"installed":true,"version":"9.5.0","resolution":"H:\\withego-amazon\\ego-amazon\\functions\\node_modules\\firebase-admin\\lib\\index.js"}} {"metadata":{"emulator":{"name":"functions"},"function":{"name":"api"},"message":"[runtime-status] [21048] firebase-admin has been stubbed. {\"adminResolution\":{\"declared\":true,\"installed\":true,\"version\":\"9.5.0\",\"resolution\":\"H:\\\\withego-amazon\\\\ego-amazon\\\\functions\\\\node_modules\\\\firebase-admin\\\\lib\\\\index.js\"}}"}}
[debug] [2021-02-26T11:49:18.293Z] [runtime-status] [21048] Trigger "api" has been found, beginning invocation! {"metadata":{"emulator":{"name":"functions"},"function":{"name":"api"},"message":"[runtime-status] [21048] Trigger \"api\" has been found, beginning invocation!"}}
[info] i  functions: Beginning execution of "api" {"metadata":{"emulator":{"name":"functions"},"function":{"name":"api"},"message":"Beginning execution of \"api\""}}
[debug] [2021-02-26T11:49:18.297Z] [runtime-status] [21048] triggerDefinition {"httpsTrigger":{},"name":"api","entryPoint":"api"} {"metadata":{"emulator":{"name":"functions"},"function":{"name":"api"},"message":"[runtime-status] [21048] triggerDefinition {\"httpsTrigger\":{},\"name\":\"api\",\"entryPoint\":\"api\"}"}}
[debug] [2021-02-26T11:49:18.298Z] [runtime-status] [21048] Running api in mode HTTPS {"metadata":{"emulator":{"name":"functions"},"function":{"name":"api"},"message":"[runtime-status] [21048] Running api in mode HTTPS"}}
[debug] [2021-02-26T11:49:18.335Z] [runtime-status] [21048] Attempting to listen to socketPath: \\?\pipe\H:\withego-amazon\ego-amazon\functions\21048 {"metadata":{"emulator":{"name":"functions"},"function":{"name":"api"},"message":"[runtime-status] [21048] Attempting to listen to socketPath: \\\\?\\pipe\\H:\\withego-amazon\\ego-amazon\\functions\\21048"}}
[debug] [2021-02-26T11:49:18.351Z] [functions] Runtime ready! Sending request! {"metadata":{"emulator":{"name":"functions"},"message":"[functions] Runtime ready! Sending request!"}}
[debug] [2021-02-26T11:49:18.353Z] [functions] Got req.url=/ego-53f33/us-central1/api, mapping to path=/ {"metadata":{"emulator":{"name":"functions"},"message":"[functions] Got req.url=/ego-53f33/us-central1/api, mapping to path=/"}}
[debug] [2021-02-26T11:49:18.381Z] [runtime-status] [21048] Ephemeral server handling GET request {"metadata":{"emulator":{"name":"functions"},"function":{"name":"api"},"message":"[runtime-status] [21048] Ephemeral server handling GET request"}}
[debug] [2021-02-26T11:49:18.418Z] [runtime-status] [21048] Ephemeral server survived. {"metadata":{"emulator":{"name":"functions"},"function":{"name":"api"},"message":"[runtime-status] [21048] Ephemeral server survived."}}
[info] i  functions: Finished "api" in ~1s {"metadata":{"emulator":{"name":"functions"},"function":{"name":"api"},"message":"Finished \"api\" in ~1s"}}
[debug] [2021-02-26T11:49:18.549Z] [worker-api-93f1a73d-91cf-43b6-9cc7-01b4f3b0b18a]: IDLE {"metadata":{"emulator":{"name":"functions"},"message":"[worker-api-93f1a73d-91cf-43b6-9cc7-01b4f3b0b18a]: IDLE"}}
[debug] [2021-02-26T11:49:18.550Z] [work-queue] {"queueLength":0,"workRunningCount":0}
[debug] [2021-02-26T11:49:58.694Z] [work-queue] {"queueLength":1,"workRunningCount":0}
[debug] [2021-02-26T11:49:58.695Z] [work-queue] {"queueLength":0,"workRunningCount":1}
[debug] [2021-02-26T11:49:58.696Z] Accepted request GET /ego-53f33/us-central1/api --> api
[debug] [2021-02-26T11:49:58.696Z] [worker-pool] submitWork(triggerId=api) {"metadata":{"emulator":{"name":"functions"},"message":"[worker-pool] submitWork(triggerId=api)"}}
[debug] [2021-02-26T11:49:58.696Z] [worker-api-93f1a73d-91cf-43b6-9cc7-01b4f3b0b18a]: Assigning socketPath: \\?\pipe\H:\withego-amazon\ego-amazon\functions\21048 {"metadata":{"emulator":{"name":"functions"},"message":"[worker-api-93f1a73d-91cf-43b6-9cc7-01b4f3b0b18a]: Assigning socketPath: \\\\?\\pipe\\H:\\withego-amazon\\ego-amazon\\functions\\21048"}}
[debug] [2021-02-26T11:49:58.697Z] [worker-api-93f1a73d-91cf-43b6-9cc7-01b4f3b0b18a]: BUSY {"metadata":{"emulator":{"name":"functions"},"message":"[worker-api-93f1a73d-91cf-43b6-9cc7-01b4f3b0b18a]: BUSY"}}
[debug] [2021-02-26T11:49:58.698Z] [runtime-status] [21048] Trigger "api" has been found, beginning invocation! {"metadata":{"emulator":{"name":"functions"},"function":{"name":"api"},"message":"[runtime-status] [21048] Trigger \"api\" has been found, beginning invocation!"}}
[info] i  functions: Beginning execution of "api" {"metadata":{"emulator":{"name":"functions"},"function":{"name":"api"},"message":"Beginning execution of \"api\""}}
[debug] [2021-02-26T11:49:58.701Z] [runtime-status] [21048] triggerDefinition {"httpsTrigger":{},"name":"api","entryPoint":"api"} {"metadata":{"emulator":{"name":"functions"},"function":{"name":"api"},"message":"[runtime-status] [21048] triggerDefinition {\"httpsTrigger\":{},\"name\":\"api\",\"entryPoint\":\"api\"}"}}
[debug] [2021-02-26T11:49:58.702Z] [runtime-status] [21048] Running api in mode HTTPS {"metadata":{"emulator":{"name":"functions"},"function":{"name":"api"},"message":"[runtime-status] [21048] Running api in mode HTTPS"}}
[debug] [2021-02-26T11:49:58.703Z] [runtime-status] [21048] Attempting to listen to socketPath: \\?\pipe\H:\withego-amazon\ego-amazon\functions\21048 {"metadata":{"emulator":{"name":"functions"},"function":{"name":"api"},"message":"[runtime-status] [21048] Attempting to listen to socketPath: \\\\?\\pipe\\H:\\withego-amazon\\ego-amazon\\functions\\21048"}}
[debug] [2021-02-26T11:49:58.705Z] [functions] Runtime ready! Sending request! {"metadata":{"emulator":{"name":"functions"},"message":"[functions] Runtime ready! Sending request!"}}
[debug] [2021-02-26T11:49:58.706Z] [functions] Got req.url=/ego-53f33/us-central1/api, mapping to path=/ {"metadata":{"emulator":{"name":"functions"},"message":"[functions] Got req.url=/ego-53f33/us-central1/api, mapping to path=/"}}
[debug] [2021-02-26T11:49:59.308Z] [runtime-status] [21048] Ephemeral server handling GET request {"metadata":{"emulator":{"name":"functions"},"function":{"name":"api"},"message":"[runtime-status] [21048] Ephemeral server handling GET request"}}
[debug] [2021-02-26T11:49:59.312Z] [runtime-status] [21048] Ephemeral server survived. {"metadata":{"emulator":{"name":"functions"},"function":{"name":"api"},"message":"[runtime-status] [21048] Ephemeral server survived."}}
[info] i  functions: Finished "api" in ~1s {"metadata":{"emulator":{"name":"functions"},"function":{"name":"api"},"message":"Finished \"api\" in ~1s"}}
[debug] [2021-02-26T11:49:59.315Z] [worker-api-93f1a73d-91cf-43b6-9cc7-01b4f3b0b18a]: IDLE {"metadata":{"emulator":{"name":"functions"},"message":"[worker-api-93f1a73d-91cf-43b6-9cc7-01b4f3b0b18a]: IDLE"}}
[debug] [2021-02-26T11:49:59.315Z] [work-queue] {"queueLength":0,"workRunningCount":0}
[debug] [2021-02-26T11:55:43.483Z] [work-queue] {"queueLength":1,"workRunningCount":0}
[debug] [2021-02-26T11:55:43.483Z] [work-queue] {"queueLength":0,"workRunningCount":1}
[debug] [2021-02-26T11:55:43.483Z] Accepted request POST /ego-53f33/us-central1/api/payments/create?total=31094 --> api
[debug] [2021-02-26T11:55:43.484Z] [worker-pool] submitWork(triggerId=api) {"metadata":{"emulator":{"name":"functions"},"message":"[worker-pool] submitWork(triggerId=api)"}}
[debug] [2021-02-26T11:55:43.484Z] [worker-api-93f1a73d-91cf-43b6-9cc7-01b4f3b0b18a]: Assigning socketPath: \\?\pipe\H:\withego-amazon\ego-amazon\functions\21048 {"metadata":{"emulator":{"name":"functions"},"message":"[worker-api-93f1a73d-91cf-43b6-9cc7-01b4f3b0b18a]: Assigning socketPath: \\\\?\\pipe\\H:\\withego-amazon\\ego-amazon\\functions\\21048"}}
[debug] [2021-02-26T11:55:43.484Z] [worker-api-93f1a73d-91cf-43b6-9cc7-01b4f3b0b18a]: BUSY {"metadata":{"emulator":{"name":"functions"},"message":"[worker-api-93f1a73d-91cf-43b6-9cc7-01b4f3b0b18a]: BUSY"}}
[debug] [2021-02-26T11:55:43.485Z] [runtime-status] [21048] Trigger "api" has been found, beginning invocation! {"metadata":{"emulator":{"name":"functions"},"function":{"name":"api"},"message":"[runtime-status] [21048] Trigger \"api\" has been found, beginning invocation!"}}
[info] i  functions: Beginning execution of "api" {"metadata":{"emulator":{"name":"functions"},"function":{"name":"api"},"message":"Beginning execution of \"api\""}}
[debug] [2021-02-26T11:55:43.488Z] [runtime-status] [21048] triggerDefinition {"httpsTrigger":{},"name":"api","entryPoint":"api"} {"metadata":{"emulator":{"name":"functions"},"function":{"name":"api"},"message":"[runtime-status] [21048] triggerDefinition {\"httpsTrigger\":{},\"name\":\"api\",\"entryPoint\":\"api\"}"}}
[debug] [2021-02-26T11:55:43.488Z] [runtime-status] [21048] Running api in mode HTTPS {"metadata":{"emulator":{"name":"functions"},"function":{"name":"api"},"message":"[runtime-status] [21048] Running api in mode HTTPS"}}
[debug] [2021-02-26T11:55:43.489Z] [runtime-status] [21048] Attempting to listen to socketPath: \\?\pipe\H:\withego-amazon\ego-amazon\functions\21048 {"metadata":{"emulator":{"name":"functions"},"function":{"name":"api"},"message":"[runtime-status] [21048] Attempting to listen to socketPath: \\\\?\\pipe\\H:\\withego-amazon\\ego-amazon\\functions\\21048"}}
[debug] [2021-02-26T11:55:43.554Z] [functions] Runtime ready! Sending request! {"metadata":{"emulator":{"name":"functions"},"message":"[functions] Runtime ready! Sending request!"}}
[debug] [2021-02-26T11:55:43.556Z] [functions] Got req.url=/ego-53f33/us-central1/api/payments/create?total=31094, mapping to path=/payments/create?total=31094 {"metadata":{"emulator":{"name":"functions"},"message":"[functions] Got req.url=/ego-53f33/us-central1/api/payments/create?total=31094, mapping to path=/payments/create?total=31094"}}
[debug] [2021-02-26T11:55:43.565Z] [runtime-status] [21048] Ephemeral server handling POST request {"metadata":{"emulator":{"name":"functions"},"function":{"name":"api"},"message":"[runtime-status] [21048] Ephemeral server handling POST request"}}
[info] >  Payment Request Recieved BOOM!!! for this amount >>>  31094 {"user":"Payment Request Recieved BOOM!!! for this amount >>>  31094","metadata":{"emulator":{"name":"functions"},"function":{"name":"api"},"message":"\u001b[90m> \u001b[39m Payment Request Recieved BOOM!!! for this amount >>>  31094"}}
[debug] [2021-02-26T11:55:43.831Z] [runtime-status] [21048] Ephemeral server survived. {"metadata":{"emulator":{"name":"functions"},"function":{"name":"api"},"message":"[runtime-status] [21048] Ephemeral server survived."}}
[info] i  functions: Finished "api" in ~4s {"metadata":{"emulator":{"name":"functions"},"function":{"name":"api"},"message":"Finished \"api\" in ~4s"}}
[debug] [2021-02-26T11:55:48.036Z] [worker-api-93f1a73d-91cf-43b6-9cc7-01b4f3b0b18a]: IDLE {"metadata":{"emulator":{"name":"functions"},"message":"[worker-api-93f1a73d-91cf-43b6-9cc7-01b4f3b0b18a]: IDLE"}}
[debug] [2021-02-26T11:55:48.036Z] [work-queue] {"queueLength":0,"workRunningCount":0}
[debug] [2021-02-26T12:06:22.241Z] [work-queue] {"queueLength":1,"workRunningCount":0}
[debug] [2021-02-26T12:06:22.242Z] [work-queue] {"queueLength":0,"workRunningCount":1}
[debug] [2021-02-26T12:06:22.242Z] Accepted request POST /ego-53f33/us-central1/api/payments/create?total=94894 --> api
[debug] [2021-02-26T12:06:22.243Z] [worker-pool] submitWork(triggerId=api) {"metadata":{"emulator":{"name":"functions"},"message":"[worker-pool] submitWork(triggerId=api)"}}
[debug] [2021-02-26T12:06:22.243Z] [worker-api-93f1a73d-91cf-43b6-9cc7-01b4f3b0b18a]: Assigning socketPath: \\?\pipe\H:\withego-amazon\ego-amazon\functions\21048 {"metadata":{"emulator":{"name":"functions"},"message":"[worker-api-93f1a73d-91cf-43b6-9cc7-01b4f3b0b18a]: Assigning socketPath: \\\\?\\pipe\\H:\\withego-amazon\\ego-amazon\\functions\\21048"}}
[debug] [2021-02-26T12:06:22.243Z] [worker-api-93f1a73d-91cf-43b6-9cc7-01b4f3b0b18a]: BUSY {"metadata":{"emulator":{"name":"functions"},"message":"[worker-api-93f1a73d-91cf-43b6-9cc7-01b4f3b0b18a]: BUSY"}}
[debug] [2021-02-26T12:06:22.244Z] [runtime-status] [21048] Trigger "api" has been found, beginning invocation! {"metadata":{"emulator":{"name":"functions"},"function":{"name":"api"},"message":"[runtime-status] [21048] Trigger \"api\" has been found, beginning invocation!"}}
[info] i  functions: Beginning execution of "api" {"metadata":{"emulator":{"name":"functions"},"function":{"name":"api"},"message":"Beginning execution of \"api\""}}
[debug] [2021-02-26T12:06:22.247Z] [runtime-status] [21048] triggerDefinition {"httpsTrigger":{},"name":"api","entryPoint":"api"} {"metadata":{"emulator":{"name":"functions"},"function":{"name":"api"},"message":"[runtime-status] [21048] triggerDefinition {\"httpsTrigger\":{},\"name\":\"api\",\"entryPoint\":\"api\"}"}}
[debug] [2021-02-26T12:06:22.247Z] [runtime-status] [21048] Running api in mode HTTPS {"metadata":{"emulator":{"name":"functions"},"function":{"name":"api"},"message":"[runtime-status] [21048] Running api in mode HTTPS"}}
[debug] [2021-02-26T12:06:22.248Z] [runtime-status] [21048] Attempting to listen to socketPath: \\?\pipe\H:\withego-amazon\ego-amazon\functions\21048 {"metadata":{"emulator":{"name":"functions"},"function":{"name":"api"},"message":"[runtime-status] [21048] Attempting to listen to socketPath: \\\\?\\pipe\\H:\\withego-amazon\\ego-amazon\\functions\\21048"}}
[debug] [2021-02-26T12:06:22.284Z] [functions] Runtime ready! Sending request! {"metadata":{"emulator":{"name":"functions"},"message":"[functions] Runtime ready! Sending request!"}}
[debug] [2021-02-26T12:06:22.284Z] [functions] Got req.url=/ego-53f33/us-central1/api/payments/create?total=94894, mapping to path=/payments/create?total=94894 {"metadata":{"emulator":{"name":"functions"},"message":"[functions] Got req.url=/ego-53f33/us-central1/api/payments/create?total=94894, mapping to path=/payments/create?total=94894"}}
[debug] [2021-02-26T12:06:22.288Z] [runtime-status] [21048] Ephemeral server handling POST request {"metadata":{"emulator":{"name":"functions"},"function":{"name":"api"},"message":"[runtime-status] [21048] Ephemeral server handling POST request"}}
[info] >  Payment Request Recieved BOOM!!! for this amount >>>  94894 {"user":"Payment Request Recieved BOOM!!! for this amount >>>  94894","metadata":{"emulator":{"name":"functions"},"function":{"name":"api"},"message":"\u001b[90m> \u001b[39m Payment Request Recieved BOOM!!! for this amount >>>  94894"}}
[debug] [2021-02-26T12:06:22.293Z] [runtime-status] [21048] Ephemeral server survived. {"metadata":{"emulator":{"name":"functions"},"function":{"name":"api"},"message":"[runtime-status] [21048] Ephemeral server survived."}}
[info] i  functions: Finished "api" in ~1s {"metadata":{"emulator":{"name":"functions"},"function":{"name":"api"},"message":"Finished \"api\" in ~1s"}}
[debug] [2021-02-26T12:06:23.498Z] [worker-api-93f1a73d-91cf-43b6-9cc7-01b4f3b0b18a]: IDLE {"metadata":{"emulator":{"name":"functions"},"message":"[worker-api-93f1a73d-91cf-43b6-9cc7-01b4f3b0b18a]: IDLE"}}
[debug] [2021-02-26T12:06:23.499Z] [work-queue] {"queueLength":0,"workRunningCount":0}
[debug] [2021-02-26T12:06:44.612Z] [work-queue] {"queueLength":1,"workRunningCount":0}
[debug] [2021-02-26T12:06:44.613Z] [work-queue] {"queueLength":0,"workRunningCount":1}
[debug] [2021-02-26T12:06:44.613Z] Accepted request POST /ego-53f33/us-central1/api/payments/create?total=0 --> api
[debug] [2021-02-26T12:06:44.613Z] [worker-pool] submitWork(triggerId=api) {"metadata":{"emulator":{"name":"functions"},"message":"[worker-pool] submitWork(triggerId=api)"}}
[debug] [2021-02-26T12:06:44.614Z] [worker-api-93f1a73d-91cf-43b6-9cc7-01b4f3b0b18a]: Assigning socketPath: \\?\pipe\H:\withego-amazon\ego-amazon\functions\21048 {"metadata":{"emulator":{"name":"functions"},"message":"[worker-api-93f1a73d-91cf-43b6-9cc7-01b4f3b0b18a]: Assigning socketPath: \\\\?\\pipe\\H:\\withego-amazon\\ego-amazon\\functions\\21048"}}
[debug] [2021-02-26T12:06:44.614Z] [worker-api-93f1a73d-91cf-43b6-9cc7-01b4f3b0b18a]: BUSY {"metadata":{"emulator":{"name":"functions"},"message":"[worker-api-93f1a73d-91cf-43b6-9cc7-01b4f3b0b18a]: BUSY"}}
[debug] [2021-02-26T12:06:44.615Z] [runtime-status] [21048] Trigger "api" has been found, beginning invocation! {"metadata":{"emulator":{"name":"functions"},"function":{"name":"api"},"message":"[runtime-status] [21048] Trigger \"api\" has been found, beginning invocation!"}}
[info] i  functions: Beginning execution of "api" {"metadata":{"emulator":{"name":"functions"},"function":{"name":"api"},"message":"Beginning execution of \"api\""}}
[debug] [2021-02-26T12:06:44.619Z] [runtime-status] [21048] triggerDefinition {"httpsTrigger":{},"name":"api","entryPoint":"api"} {"metadata":{"emulator":{"name":"functions"},"function":{"name":"api"},"message":"[runtime-status] [21048] triggerDefinition {\"httpsTrigger\":{},\"name\":\"api\",\"entryPoint\":\"api\"}"}}
[debug] [2021-02-26T12:06:44.619Z] [runtime-status] [21048] Running api in mode HTTPS {"metadata":{"emulator":{"name":"functions"},"function":{"name":"api"},"message":"[runtime-status] [21048] Running api in mode HTTPS"}}
[debug] [2021-02-26T12:06:44.620Z] [runtime-status] [21048] Attempting to listen to socketPath: \\?\pipe\H:\withego-amazon\ego-amazon\functions\21048 {"metadata":{"emulator":{"name":"functions"},"function":{"name":"api"},"message":"[runtime-status] [21048] Attempting to listen to socketPath: \\\\?\\pipe\\H:\\withego-amazon\\ego-amazon\\functions\\21048"}}
[debug] [2021-02-26T12:06:44.622Z] [functions] Runtime ready! Sending request! {"metadata":{"emulator":{"name":"functions"},"message":"[functions] Runtime ready! Sending request!"}}
[debug] [2021-02-26T12:06:44.623Z] [functions] Got req.url=/ego-53f33/us-central1/api/payments/create?total=0, mapping to path=/payments/create?total=0 {"metadata":{"emulator":{"name":"functions"},"message":"[functions] Got req.url=/ego-53f33/us-central1/api/payments/create?total=0, mapping to path=/payments/create?total=0"}}
[debug] [2021-02-26T12:06:44.628Z] [runtime-status] [21048] Ephemeral server handling POST request {"metadata":{"emulator":{"name":"functions"},"function":{"name":"api"},"message":"[runtime-status] [21048] Ephemeral server handling POST request"}}
[info] >  Payment Request Recieved BOOM!!! for this amount >>>  0 {"user":"Payment Request Recieved BOOM!!! for this amount >>>  0","metadata":{"emulator":{"name":"functions"},"function":{"name":"api"},"message":"\u001b[90m> \u001b[39m Payment Request Recieved BOOM!!! for this amount >>>  0"}}
[debug] [2021-02-26T12:06:44.631Z] [runtime-status] [21048] Ephemeral server survived. {"metadata":{"emulator":{"name":"functions"},"function":{"name":"api"},"message":"[runtime-status] [21048] Ephemeral server survived."}}
[info] >  H:\withego-amazon\ego-amazon\functions\node_modules\stripe\lib\Error.js:40 {"user":"H:\\withego-amazon\\ego-amazon\\functions\\node_modules\\stripe\\lib\\Error.js:40\r","metadata":{"emulator":{"name":"functions"},"function":{"name":"api"},"message":"\u001b[90m> \u001b[39m H:\\withego-amazon\\ego-amazon\\functions\\node_modules\\stripe\\lib\\Error.js:40\r"}}
[info] >          return new StripeInvalidRequestError(rawStripeError); {"user":"        return new StripeInvalidRequestError(rawStripeError);\r","metadata":{"emulator":{"name":"functions"},"function":{"name":"api"},"message":"\u001b[90m> \u001b[39m         return new StripeInvalidRequestError(rawStripeError);\r"}}
[info] >                 ^ {"user":"               ^\r","metadata":{"emulator":{"name":"functions"},"function":{"name":"api"},"message":"\u001b[90m> \u001b[39m                ^\r"}}
[info] >   {"user":"\r","metadata":{"emulator":{"name":"functions"},"function":{"name":"api"},"message":"\u001b[90m> \u001b[39m \r"}}
[info] >  StripeInvalidRequestError: This value must be greater than or equal to 1. {"user":"StripeInvalidRequestError: This value must be greater than or equal to 1.\r","metadata":{"emulator":{"name":"functions"},"function":{"name":"api"},"message":"\u001b[90m> \u001b[39m StripeInvalidRequestError: This value must be greater than or equal to 1.\r"}}
[info] >      at Function.generate (H:\withego-amazon\ego-amazon\functions\node_modules\stripe\lib\Error.js:40:16) {"user":"    at Function.generate (H:\\withego-amazon\\ego-amazon\\functions\\node_modules\\stripe\\lib\\Error.js:40:16)\r","metadata":{"emulator":{"name":"functions"},"function":{"name":"api"},"message":"\u001b[90m> \u001b[39m     at Function.generate (H:\\withego-amazon\\ego-amazon\\functions\\node_modules\\stripe\\lib\\Error.js:40:16)\r"}}
[info] >      at IncomingMessage.<anonymous> (H:\withego-amazon\ego-amazon\functions\node_modules\stripe\lib\StripeResource.js:180:33) {"user":"    at IncomingMessage.<anonymous> (H:\\withego-amazon\\ego-amazon\\functions\\node_modules\\stripe\\lib\\StripeResource.js:180:33)\r","metadata":{"emulator":{"name":"functions"},"function":{"name":"api"},"message":"\u001b[90m> \u001b[39m     at IncomingMessage.<anonymous> (H:\\withego-amazon\\ego-amazon\\functions\\node_modules\\stripe\\lib\\StripeResource.js:180:33)\r"}}
[info] >      at Object.onceWrapper (node:events:484:28) {"user":"    at Object.onceWrapper (node:events:484:28)\r","metadata":{"emulator":{"name":"functions"},"function":{"name":"api"},"message":"\u001b[90m> \u001b[39m     at Object.onceWrapper (node:events:484:28)\r"}}
[info] >      at IncomingMessage.emit (node:events:390:22) {"user":"    at IncomingMessage.emit (node:events:390:22)\r","metadata":{"emulator":{"name":"functions"},"function":{"name":"api"},"message":"\u001b[90m> \u001b[39m     at IncomingMessage.emit (node:events:390:22)\r"}}
[info] >      at endReadableNT (node:internal/streams/readable:1307:12) {"user":"    at endReadableNT (node:internal/streams/readable:1307:12)\r","metadata":{"emulator":{"name":"functions"},"function":{"name":"api"},"message":"\u001b[90m> \u001b[39m     at endReadableNT (node:internal/streams/readable:1307:12)\r"}}
[info] >      at processTicksAndRejections (node:internal/process/task_queues:81:21) { {"user":"    at processTicksAndRejections (node:internal/process/task_queues:81:21) {\r","metadata":{"emulator":{"name":"functions"},"function":{"name":"api"},"message":"\u001b[90m> \u001b[39m     at processTicksAndRejections (node:internal/process/task_queues:81:21) {\r"}}
[info] >    type: 'StripeInvalidRequestError', {"user":"  type: 'StripeInvalidRequestError',\r","metadata":{"emulator":{"name":"functions"},"function":{"name":"api"},"message":"\u001b[90m> \u001b[39m   type: 'StripeInvalidRequestError',\r"}}
[info] >    raw: { {"user":"  raw: {\r","metadata":{"emulator":{"name":"functions"},"function":{"name":"api"},"message":"\u001b[90m> \u001b[39m   raw: {\r"}}
[info] >      code: 'parameter_invalid_integer', {"user":"    code: 'parameter_invalid_integer',\r","metadata":{"emulator":{"name":"functions"},"function":{"name":"api"},"message":"\u001b[90m> \u001b[39m     code: 'parameter_invalid_integer',\r"}}
[info] >      doc_url: 'https://stripe.com/docs/error-codes/parameter-invalid-integer', {"user":"    doc_url: 'https://stripe.com/docs/error-codes/parameter-invalid-integer',\r","metadata":{"emulator":{"name":"functions"},"function":{"name":"api"},"message":"\u001b[90m> \u001b[39m     doc_url: 'https://stripe.com/docs/error-codes/parameter-invalid-integer',\r"}}
[info] >      message: 'This value must be greater than or equal to 1.', {"user":"    message: 'This value must be greater than or equal to 1.',\r","metadata":{"emulator":{"name":"functions"},"function":{"name":"api"},"message":"\u001b[90m> \u001b[39m     message: 'This value must be greater than or equal to 1.',\r"}}
[info] >      param: 'amount', {"user":"    param: 'amount',\r","metadata":{"emulator":{"name":"functions"},"function":{"name":"api"},"message":"\u001b[90m> \u001b[39m     param: 'amount',\r"}}
[info] >      type: 'invalid_request_error', {"user":"    type: 'invalid_request_error',\r","metadata":{"emulator":{"name":"functions"},"function":{"name":"api"},"message":"\u001b[90m> \u001b[39m     type: 'invalid_request_error',\r"}}
[info] >      headers: { {"user":"    headers: {\r","metadata":{"emulator":{"name":"functions"},"function":{"name":"api"},"message":"\u001b[90m> \u001b[39m     headers: {\r"}}
[info] >        server: 'nginx', {"user":"      server: 'nginx',\r","metadata":{"emulator":{"name":"functions"},"function":{"name":"api"},"message":"\u001b[90m> \u001b[39m       server: 'nginx',\r"}}
[info] >        date: 'Fri, 26 Feb 2021 03:11:44 GMT', {"user":"      date: 'Fri, 26 Feb 2021 03:11:44 GMT',\r","metadata":{"emulator":{"name":"functions"},"function":{"name":"api"},"message":"\u001b[90m> \u001b[39m       date: 'Fri, 26 Feb 2021 03:11:44 GMT',\r"}}
[info] >        'content-type': 'application/json', {"user":"      'content-type': 'application/json',\r","metadata":{"emulator":{"name":"functions"},"function":{"name":"api"},"message":"\u001b[90m> \u001b[39m       'content-type': 'application/json',\r"}}
[info] >        'content-length': '266', {"user":"      'content-length': '266',\r","metadata":{"emulator":{"name":"functions"},"function":{"name":"api"},"message":"\u001b[90m> \u001b[39m       'content-length': '266',\r"}}
[info] >        connection: 'keep-alive', {"user":"      connection: 'keep-alive',\r","metadata":{"emulator":{"name":"functions"},"function":{"name":"api"},"message":"\u001b[90m> \u001b[39m       connection: 'keep-alive',\r"}}
[info] >        'access-control-allow-credentials': 'true', {"user":"      'access-control-allow-credentials': 'true',\r","metadata":{"emulator":{"name":"functions"},"function":{"name":"api"},"message":"\u001b[90m> \u001b[39m       'access-control-allow-credentials': 'true',\r"}}
[info] >        'access-control-allow-methods': 'GET, POST, HEAD, OPTIONS, DELETE', {"user":"      'access-control-allow-methods': 'GET, POST, HEAD, OPTIONS, DELETE',\r","metadata":{"emulator":{"name":"functions"},"function":{"name":"api"},"message":"\u001b[90m> \u001b[39m       'access-control-allow-methods': 'GET, POST, HEAD, OPTIONS, DELETE',\r"}}
[info] >        'access-control-allow-origin': '*', {"user":"      'access-control-allow-origin': '*',\r","metadata":{"emulator":{"name":"functions"},"function":{"name":"api"},"message":"\u001b[90m> \u001b[39m       'access-control-allow-origin': '*',\r"}}
[info] >        'access-control-expose-headers': 'Request-Id, Stripe-Manage-Version, X-Stripe-External-Auth-Required, X-Stripe-Privileged-Session-Required', {"user":"      'access-control-expose-headers': 'Request-Id, Stripe-Manage-Version, X-Stripe-External-Auth-Required, X-Stripe-Privileged-Session-Required',\r","metadata":{"emulator":{"name":"functions"},"function":{"name":"api"},"message":"\u001b[90m> \u001b[39m       'access-control-expose-headers': 'Request-Id, Stripe-Manage-Version, X-Stripe-External-Auth-Required, X-Stripe-Privileged-Session-Required',\r"}}
[info] >        'access-control-max-age': '300', {"user":"      'access-control-max-age': '300',\r","metadata":{"emulator":{"name":"functions"},"function":{"name":"api"},"message":"\u001b[90m> \u001b[39m       'access-control-max-age': '300',\r"}}
[info] >        'cache-control': 'no-cache, no-store', {"user":"      'cache-control': 'no-cache, no-store',\r","metadata":{"emulator":{"name":"functions"},"function":{"name":"api"},"message":"\u001b[90m> \u001b[39m       'cache-control': 'no-cache, no-store',\r"}}
[info] >        'request-id': 'req_eIWC7LIW0pwNpf', {"user":"      'request-id': 'req_eIWC7LIW0pwNpf',\r","metadata":{"emulator":{"name":"functions"},"function":{"name":"api"},"message":"\u001b[90m> \u001b[39m       'request-id': 'req_eIWC7LIW0pwNpf',\r"}}
[info] >        'stripe-version': '2020-08-27', {"user":"      'stripe-version': '2020-08-27',\r","metadata":{"emulator":{"name":"functions"},"function":{"name":"api"},"message":"\u001b[90m> \u001b[39m       'stripe-version': '2020-08-27',\r"}}
[info] >        'x-stripe-c-cost': '0', {"user":"      'x-stripe-c-cost': '0',\r","metadata":{"emulator":{"name":"functions"},"function":{"name":"api"},"message":"\u001b[90m> \u001b[39m       'x-stripe-c-cost': '0',\r"}}
[info] >        'strict-transport-security': 'max-age=31556926; includeSubDomains; preload' {"user":"      'strict-transport-security': 'max-age=31556926; includeSubDomains; preload'\r","metadata":{"emulator":{"name":"functions"},"function":{"name":"api"},"message":"\u001b[90m> \u001b[39m       'strict-transport-security': 'max-age=31556926; includeSubDomains; preload'\r"}}
[info] >      }, {"user":"    },\r","metadata":{"emulator":{"name":"functions"},"function":{"name":"api"},"message":"\u001b[90m> \u001b[39m     },\r"}}
[info] >      statusCode: 400, {"user":"    statusCode: 400,\r","metadata":{"emulator":{"name":"functions"},"function":{"name":"api"},"message":"\u001b[90m> \u001b[39m     statusCode: 400,\r"}}
[info] >      requestId: 'req_eIWC7LIW0pwNpf' {"user":"    requestId: 'req_eIWC7LIW0pwNpf'\r","metadata":{"emulator":{"name":"functions"},"function":{"name":"api"},"message":"\u001b[90m> \u001b[39m     requestId: 'req_eIWC7LIW0pwNpf'\r"}}
[info] >    }, {"user":"  },\r","metadata":{"emulator":{"name":"functions"},"function":{"name":"api"},"message":"\u001b[90m> \u001b[39m   },\r"}}
[info] >    rawType: 'invalid_request_error', {"user":"  rawType: 'invalid_request_error',\r","metadata":{"emulator":{"name":"functions"},"function":{"name":"api"},"message":"\u001b[90m> \u001b[39m   rawType: 'invalid_request_error',\r"}}
[info] >    code: 'parameter_invalid_integer', {"user":"  code: 'parameter_invalid_integer',\r","metadata":{"emulator":{"name":"functions"},"function":{"name":"api"},"message":"\u001b[90m> \u001b[39m   code: 'parameter_invalid_integer',\r"}}
[info] >    doc_url: 'https://stripe.com/docs/error-codes/parameter-invalid-integer', {"user":"  doc_url: 'https://stripe.com/docs/error-codes/parameter-invalid-integer',\r","metadata":{"emulator":{"name":"functions"},"function":{"name":"api"},"message":"\u001b[90m> \u001b[39m   doc_url: 'https://stripe.com/docs/error-codes/parameter-invalid-integer',\r"}}
[info] >    param: 'amount', {"user":"  param: 'amount',\r","metadata":{"emulator":{"name":"functions"},"function":{"name":"api"},"message":"\u001b[90m> \u001b[39m   param: 'amount',\r"}}
[info] >    detail: undefined, {"user":"  detail: undefined,\r","metadata":{"emulator":{"name":"functions"},"function":{"name":"api"},"message":"\u001b[90m> \u001b[39m   detail: undefined,\r"}}
[info] >    headers: { {"user":"  headers: {\r","metadata":{"emulator":{"name":"functions"},"function":{"name":"api"},"message":"\u001b[90m> \u001b[39m   headers: {\r"}}
[info] >      server: 'nginx', {"user":"    server: 'nginx',\r","metadata":{"emulator":{"name":"functions"},"function":{"name":"api"},"message":"\u001b[90m> \u001b[39m     server: 'nginx',\r"}}
[info] >      date: 'Fri, 26 Feb 2021 03:11:44 GMT', {"user":"    date: 'Fri, 26 Feb 2021 03:11:44 GMT',\r","metadata":{"emulator":{"name":"functions"},"function":{"name":"api"},"message":"\u001b[90m> \u001b[39m     date: 'Fri, 26 Feb 2021 03:11:44 GMT',\r"}}
[info] >      'content-type': 'application/json', {"user":"    'content-type': 'application/json',\r","metadata":{"emulator":{"name":"functions"},"function":{"name":"api"},"message":"\u001b[90m> \u001b[39m     'content-type': 'application/json',\r"}}
[info] >      'content-length': '266', {"user":"    'content-length': '266',\r","metadata":{"emulator":{"name":"functions"},"function":{"name":"api"},"message":"\u001b[90m> \u001b[39m     'content-length': '266',\r"}}
[info] >      connection: 'keep-alive', {"user":"    connection: 'keep-alive',\r","metadata":{"emulator":{"name":"functions"},"function":{"name":"api"},"message":"\u001b[90m> \u001b[39m     connection: 'keep-alive',\r"}}
[info] >      'access-control-allow-credentials': 'true', {"user":"    'access-control-allow-credentials': 'true',\r","metadata":{"emulator":{"name":"functions"},"function":{"name":"api"},"message":"\u001b[90m> \u001b[39m     'access-control-allow-credentials': 'true',\r"}}
[info] >      'access-control-allow-methods': 'GET, POST, HEAD, OPTIONS, DELETE', {"user":"    'access-control-allow-methods': 'GET, POST, HEAD, OPTIONS, DELETE',\r","metadata":{"emulator":{"name":"functions"},"function":{"name":"api"},"message":"\u001b[90m> \u001b[39m     'access-control-allow-methods': 'GET, POST, HEAD, OPTIONS, DELETE',\r"}}
[info] >      'access-control-allow-origin': '*', {"user":"    'access-control-allow-origin': '*',\r","metadata":{"emulator":{"name":"functions"},"function":{"name":"api"},"message":"\u001b[90m> \u001b[39m     'access-control-allow-origin': '*',\r"}}
[info] >      'access-control-expose-headers': 'Request-Id, Stripe-Manage-Version, X-Stripe-External-Auth-Required, X-Stripe-Privileged-Session-Required', {"user":"    'access-control-expose-headers': 'Request-Id, Stripe-Manage-Version, X-Stripe-External-Auth-Required, X-Stripe-Privileged-Session-Required',\r","metadata":{"emulator":{"name":"functions"},"function":{"name":"api"},"message":"\u001b[90m> \u001b[39m     'access-control-expose-headers': 'Request-Id, Stripe-Manage-Version, X-Stripe-External-Auth-Required, X-Stripe-Privileged-Session-Required',\r"}}
[info] >      'access-control-max-age': '300', {"user":"    'access-control-max-age': '300',\r","metadata":{"emulator":{"name":"functions"},"function":{"name":"api"},"message":"\u001b[90m> \u001b[39m     'access-control-max-age': '300',\r"}}
[info] >      'cache-control': 'no-cache, no-store', {"user":"    'cache-control': 'no-cache, no-store',\r","metadata":{"emulator":{"name":"functions"},"function":{"name":"api"},"message":"\u001b[90m> \u001b[39m     'cache-control': 'no-cache, no-store',\r"}}
[info] >      'request-id': 'req_eIWC7LIW0pwNpf', {"user":"    'request-id': 'req_eIWC7LIW0pwNpf',\r","metadata":{"emulator":{"name":"functions"},"function":{"name":"api"},"message":"\u001b[90m> \u001b[39m     'request-id': 'req_eIWC7LIW0pwNpf',\r"}}
[info] >      'stripe-version': '2020-08-27', {"user":"    'stripe-version': '2020-08-27',\r","metadata":{"emulator":{"name":"functions"},"function":{"name":"api"},"message":"\u001b[90m> \u001b[39m     'stripe-version': '2020-08-27',\r"}}
[info] >      'x-stripe-c-cost': '0', {"user":"    'x-stripe-c-cost': '0',\r","metadata":{"emulator":{"name":"functions"},"function":{"name":"api"},"message":"\u001b[90m> \u001b[39m     'x-stripe-c-cost': '0',\r"}}
[info] >      'strict-transport-security': 'max-age=31556926; includeSubDomains; preload' {"user":"    'strict-transport-security': 'max-age=31556926; includeSubDomains; preload'\r","metadata":{"emulator":{"name":"functions"},"function":{"name":"api"},"message":"\u001b[90m> \u001b[39m     'strict-transport-security': 'max-age=31556926; includeSubDomains; preload'\r"}}
[info] >    }, {"user":"  },\r","metadata":{"emulator":{"name":"functions"},"function":{"name":"api"},"message":"\u001b[90m> \u001b[39m   },\r"}}
[info] >    requestId: 'req_eIWC7LIW0pwNpf', {"user":"  requestId: 'req_eIWC7LIW0pwNpf',\r","metadata":{"emulator":{"name":"functions"},"function":{"name":"api"},"message":"\u001b[90m> \u001b[39m   requestId: 'req_eIWC7LIW0pwNpf',\r"}}
[info] >    statusCode: 400, {"user":"  statusCode: 400,\r","metadata":{"emulator":{"name":"functions"},"function":{"name":"api"},"message":"\u001b[90m> \u001b[39m   statusCode: 400,\r"}}
[info] >    charge: undefined, {"user":"  charge: undefined,\r","metadata":{"emulator":{"name":"functions"},"function":{"name":"api"},"message":"\u001b[90m> \u001b[39m   charge: undefined,\r"}}
[info] >    decline_code: undefined, {"user":"  decline_code: undefined,\r","metadata":{"emulator":{"name":"functions"},"function":{"name":"api"},"message":"\u001b[90m> \u001b[39m   decline_code: undefined,\r"}}
[info] >    payment_intent: undefined, {"user":"  payment_intent: undefined,\r","metadata":{"emulator":{"name":"functions"},"function":{"name":"api"},"message":"\u001b[90m> \u001b[39m   payment_intent: undefined,\r"}}
[info] >    payment_method: undefined, {"user":"  payment_method: undefined,\r","metadata":{"emulator":{"name":"functions"},"function":{"name":"api"},"message":"\u001b[90m> \u001b[39m   payment_method: undefined,\r"}}
[info] >    payment_method_type: undefined, {"user":"  payment_method_type: undefined,\r","metadata":{"emulator":{"name":"functions"},"function":{"name":"api"},"message":"\u001b[90m> \u001b[39m   payment_method_type: undefined,\r"}}
[info] >    setup_intent: undefined, {"user":"  setup_intent: undefined,\r","metadata":{"emulator":{"name":"functions"},"function":{"name":"api"},"message":"\u001b[90m> \u001b[39m   setup_intent: undefined,\r"}}
[info] >    source: undefined {"user":"  source: undefined\r","metadata":{"emulator":{"name":"functions"},"function":{"name":"api"},"message":"\u001b[90m> \u001b[39m   source: undefined\r"}}
[info] >  } {"user":"}\r","metadata":{"emulator":{"name":"functions"},"function":{"name":"api"},"message":"\u001b[90m> \u001b[39m }\r"}}
[debug] [2021-02-26T12:06:45.296Z] [worker-api-93f1a73d-91cf-43b6-9cc7-01b4f3b0b18a]: exited {"metadata":{"emulator":{"name":"functions"},"message":"[worker-api-93f1a73d-91cf-43b6-9cc7-01b4f3b0b18a]: exited"}}
[debug] [2021-02-26T12:06:45.297Z] [worker-api-93f1a73d-91cf-43b6-9cc7-01b4f3b0b18a]: FINISHED {"metadata":{"emulator":{"name":"functions"},"message":"[worker-api-93f1a73d-91cf-43b6-9cc7-01b4f3b0b18a]: FINISHED"}}
[debug] [2021-02-26T12:06:45.298Z] [work-queue] {"queueLength":0,"workRunningCount":0}
